2025-07-14 16:13:49.339  INFO 24760 --- [main] c.w.accurate.TravelProjectApplication    : Starting TravelProjectApplication using Java 1.8.0_131 on DELL with PID 24760 (C:\Users\DE\Desktop\travel_project\target\classes started by DE in C:\Users\DE\Desktop\travel_project)
2025-07-14 16:13:49.348  INFO 24760 --- [main] c.w.accurate.TravelProjectApplication    : No active profile set, falling back to 1 default profile: "default"
2025-07-14 16:13:50.125  INFO 24760 --- [main] .s.d.r.c.RepositoryConfigurationDelegate : Multiple Spring Data modules found, entering strict repository configuration mode
2025-07-14 16:13:50.127  INFO 24760 --- [main] .s.d.r.c.RepositoryConfigurationDelegate : Bootstrapping Spring Data Redis repositories in DEFAULT mode.
2025-07-14 16:13:50.153  INFO 24760 --- [main] .s.d.r.c.RepositoryConfigurationDelegate : Finished Spring Data repository scanning in 13 ms. Found 0 Redis repository interfaces.
2025-07-14 16:13:50.239  WARN 24760 --- [main] o.m.s.mapper.ClassPathMapperScanner      : No MyBatis mapper was found in '[com.example.travel_project.mapper]' package. Please check your configuration.
2025-07-14 16:13:50.798  INFO 24760 --- [main] o.s.b.w.embedded.tomcat.TomcatWebServer  : Tomcat initialized with port(s): 8085 (http)
2025-07-14 16:13:50.978  INFO 24760 --- [main] w.s.c.ServletWebServerApplicationContext : Root WebApplicationContext: initialization completed in 1578 ms
2025-07-14 16:13:56.320  WARN 24760 --- [main] ConfigServletWebServerApplicationContext : Exception encountered during context initialization - cancelling refresh attempt: org.springframework.beans.factory.BeanCreationException: Error creating bean with name 'enableRedisKeyspaceNotificationsInitializer' defined in class path resource [org/springframework/session/data/redis/config/annotation/web/http/RedisHttpSessionConfiguration.class]: Invocation of init method failed; nested exception is org.springframework.data.redis.RedisConnectionFailureException: Unable to connect to Redis; nested exception is org.springframework.data.redis.connection.PoolException: Could not get a resource from the pool; nested exception is io.lettuce.core.RedisConnectionException: Unable to connect to 127.0.0.1:6379
2025-07-14 16:15:22.392  INFO 3492 --- [main] c.w.accurate.TravelProjectApplication    : Starting TravelProjectApplication using Java 1.8.0_131 on DELL with PID 3492 (C:\Users\DE\Desktop\travel_project\target\classes started by DE in C:\Users\DE\Desktop\travel_project)
2025-07-14 16:15:22.394  INFO 3492 --- [main] c.w.accurate.TravelProjectApplication    : No active profile set, falling back to 1 default profile: "default"
2025-07-14 16:15:22.972  INFO 3492 --- [main] .s.d.r.c.RepositoryConfigurationDelegate : Multiple Spring Data modules found, entering strict repository configuration mode
2025-07-14 16:15:22.974  INFO 3492 --- [main] .s.d.r.c.RepositoryConfigurationDelegate : Bootstrapping Spring Data Redis repositories in DEFAULT mode.
2025-07-14 16:15:22.997  INFO 3492 --- [main] .s.d.r.c.RepositoryConfigurationDelegate : Finished Spring Data repository scanning in 13 ms. Found 0 Redis repository interfaces.
2025-07-14 16:15:23.074  WARN 3492 --- [main] o.m.s.mapper.ClassPathMapperScanner      : No MyBatis mapper was found in '[com.example.travel_project.mapper]' package. Please check your configuration.
2025-07-14 16:15:23.372  INFO 3492 --- [main] o.s.b.w.embedded.tomcat.TomcatWebServer  : Tomcat initialized with port(s): 8085 (http)
2025-07-14 16:15:23.378  INFO 3492 --- [main] o.apache.catalina.core.StandardService   : Starting service [Tomcat]
2025-07-14 16:15:23.379  INFO 3492 --- [main] org.apache.catalina.core.StandardEngine  : Starting Servlet engine: [Apache Tomcat/9.0.68]
2025-07-14 16:15:23.531  INFO 3492 --- [main] o.a.c.c.C.[Tomcat].[localhost].[/]       : Initializing Spring embedded WebApplicationContext
2025-07-14 16:15:23.531  INFO 3492 --- [main] w.s.c.ServletWebServerApplicationContext : Root WebApplicationContext: initialization completed in 1101 ms
2025-07-14 16:15:28.705  WARN 3492 --- [main] ConfigServletWebServerApplicationContext : Exception encountered during context initialization - cancelling refresh attempt: org.springframework.beans.factory.BeanCreationException: Error creating bean with name 'enableRedisKeyspaceNotificationsInitializer' defined in class path resource [org/springframework/session/data/redis/config/annotation/web/http/RedisHttpSessionConfiguration.class]: Invocation of init method failed; nested exception is org.springframework.data.redis.RedisConnectionFailureException: Unable to connect to Redis; nested exception is org.springframework.data.redis.connection.PoolException: Could not get a resource from the pool; nested exception is io.lettuce.core.RedisConnectionException: Unable to connect to 127.0.0.1:6379
2025-07-14 16:15:28.831  INFO 3492 --- [main] o.apache.catalina.core.StandardService   : Stopping service [Tomcat]
2025-07-14 16:15:28.839  INFO 3492 --- [main] ConditionEvaluationReportLoggingListener : 

Error starting ApplicationContext. To display the conditions report re-run your application with 'debug' enabled.
2025-07-14 16:15:28.856 ERROR 3492 --- [main] o.s.boot.SpringApplication               : Application run failed

org.springframework.beans.factory.BeanCreationException: Error creating bean with name 'enableRedisKeyspaceNotificationsInitializer' defined in class path resource [org/springframework/session/data/redis/config/annotation/web/http/RedisHttpSessionConfiguration.class]: Invocation of init method failed; nested exception is org.springframework.data.redis.RedisConnectionFailureException: Unable to connect to Redis; nested exception is org.springframework.data.redis.connection.PoolException: Could not get a resource from the pool; nested exception is io.lettuce.core.RedisConnectionException: Unable to connect to 127.0.0.1:6379
	at org.springframework.beans.factory.support.AbstractAutowireCapableBeanFactory.initializeBean(AbstractAutowireCapableBeanFactory.java:1804) ~[spring-beans-5.3.23.jar:5.3.23]
	at org.springframework.beans.factory.support.AbstractAutowireCapableBeanFactory.doCreateBean(AbstractAutowireCapableBeanFactory.java:620) ~[spring-beans-5.3.23.jar:5.3.23]
	at org.springframework.beans.factory.support.AbstractAutowireCapableBeanFactory.createBean(AbstractAutowireCapableBeanFactory.java:542) ~[spring-beans-5.3.23.jar:5.3.23]
	at org.springframework.beans.factory.support.AbstractBeanFactory.lambda$doGetBean$0(AbstractBeanFactory.java:335) ~[spring-beans-5.3.23.jar:5.3.23]
	at org.springframework.beans.factory.support.DefaultSingletonBeanRegistry.getSingleton(DefaultSingletonBeanRegistry.java:234) ~[spring-beans-5.3.23.jar:5.3.23]
	at org.springframework.beans.factory.support.AbstractBeanFactory.doGetBean(AbstractBeanFactory.java:333) ~[spring-beans-5.3.23.jar:5.3.23]
	at org.springframework.beans.factory.support.AbstractBeanFactory.getBean(AbstractBeanFactory.java:208) ~[spring-beans-5.3.23.jar:5.3.23]
	at org.springframework.beans.factory.support.DefaultListableBeanFactory.preInstantiateSingletons(DefaultListableBeanFactory.java:955) ~[spring-beans-5.3.23.jar:5.3.23]
	at org.springframework.context.support.AbstractApplicationContext.finishBeanFactoryInitialization(AbstractApplicationContext.java:918) ~[spring-context-5.3.23.jar:5.3.23]
	at org.springframework.context.support.AbstractApplicationContext.refresh(AbstractApplicationContext.java:583) ~[spring-context-5.3.23.jar:5.3.23]
	at org.springframework.boot.web.servlet.context.ServletWebServerApplicationContext.refresh(ServletWebServerApplicationContext.java:145) ~[spring-boot-2.6.13.jar:2.6.13]
	at org.springframework.boot.SpringApplication.refresh(SpringApplication.java:745) [spring-boot-2.6.13.jar:2.6.13]
	at org.springframework.boot.SpringApplication.refreshContext(SpringApplication.java:420) [spring-boot-2.6.13.jar:2.6.13]
	at org.springframework.boot.SpringApplication.run(SpringApplication.java:307) [spring-boot-2.6.13.jar:2.6.13]
	at org.springframework.boot.SpringApplication.run(SpringApplication.java:1317) [spring-boot-2.6.13.jar:2.6.13]
	at org.springframework.boot.SpringApplication.run(SpringApplication.java:1306) [spring-boot-2.6.13.jar:2.6.13]
	at com.weaver.accurate.TravelProjectApplication.main(TravelProjectApplication.java:12) [classes/:na]
Caused by: org.springframework.data.redis.RedisConnectionFailureException: Unable to connect to Redis; nested exception is org.springframework.data.redis.connection.PoolException: Could not get a resource from the pool; nested exception is io.lettuce.core.RedisConnectionException: Unable to connect to 127.0.0.1:6379
	at org.springframework.data.redis.connection.lettuce.LettuceConnectionFactory$ExceptionTranslatingConnectionProvider.translateException(LettuceConnectionFactory.java:1689) ~[spring-data-redis-2.6.9.jar:2.6.9]
	at org.springframework.data.redis.connection.lettuce.LettuceConnectionFactory$ExceptionTranslatingConnectionProvider.getConnection(LettuceConnectionFactory.java:1597) ~[spring-data-redis-2.6.9.jar:2.6.9]
	at org.springframework.data.redis.connection.lettuce.LettuceConnectionFactory$SharedConnection.getNativeConnection(LettuceConnectionFactory.java:1383) ~[spring-data-redis-2.6.9.jar:2.6.9]
	at org.springframework.data.redis.connection.lettuce.LettuceConnectionFactory$SharedConnection.getConnection(LettuceConnectionFactory.java:1366) ~[spring-data-redis-2.6.9.jar:2.6.9]
	at org.springframework.data.redis.connection.lettuce.LettuceConnectionFactory.getSharedConnection(LettuceConnectionFactory.java:1093) ~[spring-data-redis-2.6.9.jar:2.6.9]
	at org.springframework.data.redis.connection.lettuce.LettuceConnectionFactory.getConnection(LettuceConnectionFactory.java:421) ~[spring-data-redis-2.6.9.jar:2.6.9]
	at org.springframework.session.data.redis.config.annotation.web.http.RedisHttpSessionConfiguration$EnableRedisKeyspaceNotificationsInitializer.afterPropertiesSet(RedisHttpSessionConfiguration.java:331) ~[spring-session-data-redis-2.6.3.jar:2.6.3]
	at org.springframework.beans.factory.support.AbstractAutowireCapableBeanFactory.invokeInitMethods(AbstractAutowireCapableBeanFactory.java:1863) ~[spring-beans-5.3.23.jar:5.3.23]
	at org.springframework.beans.factory.support.AbstractAutowireCapableBeanFactory.initializeBean(AbstractAutowireCapableBeanFactory.java:1800) ~[spring-beans-5.3.23.jar:5.3.23]
	... 16 common frames omitted
Caused by: org.springframework.data.redis.connection.PoolException: Could not get a resource from the pool; nested exception is io.lettuce.core.RedisConnectionException: Unable to connect to 127.0.0.1:6379
	at org.springframework.data.redis.connection.lettuce.LettucePoolingConnectionProvider.getConnection(LettucePoolingConnectionProvider.java:109) ~[spring-data-redis-2.6.9.jar:2.6.9]
	at org.springframework.data.redis.connection.lettuce.LettuceConnectionFactory$ExceptionTranslatingConnectionProvider.getConnection(LettuceConnectionFactory.java:1595) ~[spring-data-redis-2.6.9.jar:2.6.9]
	... 23 common frames omitted
Caused by: io.lettuce.core.RedisConnectionException: Unable to connect to 127.0.0.1:6379
	at io.lettuce.core.RedisConnectionException.create(RedisConnectionException.java:78) ~[lettuce-core-6.1.10.RELEASE.jar:6.1.10.RELEASE]
	at io.lettuce.core.RedisConnectionException.create(RedisConnectionException.java:56) ~[lettuce-core-6.1.10.RELEASE.jar:6.1.10.RELEASE]
	at io.lettuce.core.AbstractRedisClient.getConnection(AbstractRedisClient.java:330) ~[lettuce-core-6.1.10.RELEASE.jar:6.1.10.RELEASE]
	at io.lettuce.core.RedisClient.connect(RedisClient.java:216) ~[lettuce-core-6.1.10.RELEASE.jar:6.1.10.RELEASE]
	at org.springframework.data.redis.connection.lettuce.StandaloneConnectionProvider.lambda$getConnection$1(StandaloneConnectionProvider.java:115) ~[spring-data-redis-2.6.9.jar:2.6.9]
	at java.util.Optional.orElseGet(Optional.java:267) ~[na:1.8.0_131]
	at org.springframework.data.redis.connection.lettuce.StandaloneConnectionProvider.getConnection(StandaloneConnectionProvider.java:115) ~[spring-data-redis-2.6.9.jar:2.6.9]
	at org.springframework.data.redis.connection.lettuce.LettucePoolingConnectionProvider.lambda$null$0(LettucePoolingConnectionProvider.java:97) ~[spring-data-redis-2.6.9.jar:2.6.9]
	at io.lettuce.core.support.ConnectionPoolSupport$RedisPooledObjectFactory.create(ConnectionPoolSupport.java:211) ~[lettuce-core-6.1.10.RELEASE.jar:6.1.10.RELEASE]
	at io.lettuce.core.support.ConnectionPoolSupport$RedisPooledObjectFactory.create(ConnectionPoolSupport.java:201) ~[lettuce-core-6.1.10.RELEASE.jar:6.1.10.RELEASE]
	at org.apache.commons.pool2.BasePooledObjectFactory.makeObject(BasePooledObjectFactory.java:70) ~[commons-pool2-2.11.1.jar:2.11.1]
	at org.apache.commons.pool2.impl.GenericObjectPool.create(GenericObjectPool.java:571) ~[commons-pool2-2.11.1.jar:2.11.1]
	at org.apache.commons.pool2.impl.GenericObjectPool.borrowObject(GenericObjectPool.java:298) ~[commons-pool2-2.11.1.jar:2.11.1]
	at org.apache.commons.pool2.impl.GenericObjectPool.borrowObject(GenericObjectPool.java:223) ~[commons-pool2-2.11.1.jar:2.11.1]
	at io.lettuce.core.support.ConnectionPoolSupport$1.borrowObject(ConnectionPoolSupport.java:122) ~[lettuce-core-6.1.10.RELEASE.jar:6.1.10.RELEASE]
	at io.lettuce.core.support.ConnectionPoolSupport$1.borrowObject(ConnectionPoolSupport.java:117) ~[lettuce-core-6.1.10.RELEASE.jar:6.1.10.RELEASE]
	at org.springframework.data.redis.connection.lettuce.LettucePoolingConnectionProvider.getConnection(LettucePoolingConnectionProvider.java:103) ~[spring-data-redis-2.6.9.jar:2.6.9]
	... 24 common frames omitted
Caused by: io.netty.channel.AbstractChannel$AnnotatedConnectException: Connection refused: no further information: /127.0.0.1:6379
Caused by: java.net.ConnectException: Connection refused: no further information
	at sun.nio.ch.SocketChannelImpl.checkConnect(Native Method) ~[na:1.8.0_131]
	at sun.nio.ch.SocketChannelImpl.finishConnect(SocketChannelImpl.java:717) ~[na:1.8.0_131]
	at io.netty.channel.socket.nio.NioSocketChannel.doFinishConnect(NioSocketChannel.java:337) ~[netty-transport-4.1.84.Final.jar:4.1.84.Final]
	at io.netty.channel.nio.AbstractNioChannel$AbstractNioUnsafe.finishConnect(AbstractNioChannel.java:334) ~[netty-transport-4.1.84.Final.jar:4.1.84.Final]
	at io.netty.channel.nio.NioEventLoop.processSelectedKey(NioEventLoop.java:776) ~[netty-transport-4.1.84.Final.jar:4.1.84.Final]
	at io.netty.channel.nio.NioEventLoop.processSelectedKeysOptimized(NioEventLoop.java:724) ~[netty-transport-4.1.84.Final.jar:4.1.84.Final]
	at io.netty.channel.nio.NioEventLoop.processSelectedKeys(NioEventLoop.java:650) ~[netty-transport-4.1.84.Final.jar:4.1.84.Final]
	at io.netty.channel.nio.NioEventLoop.run(NioEventLoop.java:562) ~[netty-transport-4.1.84.Final.jar:4.1.84.Final]
	at io.netty.util.concurrent.SingleThreadEventExecutor$4.run(SingleThreadEventExecutor.java:997) ~[netty-common-4.1.84.Final.jar:4.1.84.Final]
	at io.netty.util.internal.ThreadExecutorMap$2.run(ThreadExecutorMap.java:74) ~[netty-common-4.1.84.Final.jar:4.1.84.Final]
	at io.netty.util.concurrent.FastThreadLocalRunnable.run(FastThreadLocalRunnable.java:30) ~[netty-common-4.1.84.Final.jar:4.1.84.Final]
	at java.lang.Thread.run(Thread.java:748) ~[na:1.8.0_131]

2025-07-14 16:17:02.997  INFO 16992 --- [main] c.w.accurate.TravelProjectApplication    : Starting TravelProjectApplication using Java 1.8.0_131 on DELL with PID 16992 (C:\Users\DE\Desktop\travel_project\target\classes started by DE in C:\Users\DE\Desktop\travel_project)
2025-07-14 16:17:03.002  INFO 16992 --- [main] c.w.accurate.TravelProjectApplication    : No active profile set, falling back to 1 default profile: "default"
2025-07-14 16:17:03.780  INFO 16992 --- [main] .s.d.r.c.RepositoryConfigurationDelegate : Multiple Spring Data modules found, entering strict repository configuration mode
2025-07-14 16:17:03.782  INFO 16992 --- [main] .s.d.r.c.RepositoryConfigurationDelegate : Bootstrapping Spring Data Redis repositories in DEFAULT mode.
2025-07-14 16:17:03.809  INFO 16992 --- [main] .s.d.r.c.RepositoryConfigurationDelegate : Finished Spring Data repository scanning in 14 ms. Found 0 Redis repository interfaces.
2025-07-14 16:17:03.921  WARN 16992 --- [main] o.m.s.mapper.ClassPathMapperScanner      : No MyBatis mapper was found in '[com.example.travel_project.mapper]' package. Please check your configuration.
2025-07-14 16:17:04.345  INFO 16992 --- [main] o.s.b.w.embedded.tomcat.TomcatWebServer  : Tomcat initialized with port(s): 8085 (http)
2025-07-14 16:17:04.353  INFO 16992 --- [main] o.apache.catalina.core.StandardService   : Starting service [Tomcat]
2025-07-14 16:17:04.354  INFO 16992 --- [main] org.apache.catalina.core.StandardEngine  : Starting Servlet engine: [Apache Tomcat/9.0.68]
2025-07-14 16:17:04.583  INFO 16992 --- [main] o.a.c.c.C.[Tomcat].[localhost].[/]       : Initializing Spring embedded WebApplicationContext
2025-07-14 16:17:04.583  INFO 16992 --- [main] w.s.c.ServletWebServerApplicationContext : Root WebApplicationContext: initialization completed in 1514 ms
2025-07-14 16:17:09.752  INFO 16992 --- [main] com.zaxxer.hikari.HikariDataSource       : HikariPool-1 - Starting...
2025-07-14 16:17:09.755  WARN 16992 --- [main] com.zaxxer.hikari.util.DriverDataSource  : Registered driver with driverClassName=com.mysql.jdbc.Driver was not found, trying direct instantiation.
2025-07-14 16:17:10.343  INFO 16992 --- [main] com.zaxxer.hikari.HikariDataSource       : HikariPool-1 - Start completed.
2025-07-14 16:17:10.411  INFO 16992 --- [main] o.f.c.internal.license.VersionPrinter    : Flyway Community Edition 8.0.5 by Redgate
2025-07-14 16:17:10.412  INFO 16992 --- [main] o.f.c.i.database.base.BaseDatabaseType   : Database: jdbc:mysql://10.12.251.118:3306/travel (MySQL 8.0)
2025-07-14 16:17:11.184  INFO 16992 --- [main] o.f.core.internal.command.DbValidate     : Successfully validated 11 migrations (execution time 00:00.289s)
2025-07-14 16:17:11.562  INFO 16992 --- [main] o.f.core.internal.command.DbMigrate      : Current version of schema `travel`: 10.10
2025-07-14 16:17:11.599  INFO 16992 --- [main] o.f.core.internal.command.DbMigrate      : Schema `travel` is up to date. No migration necessary.
2025-07-14 16:17:11.924  INFO 16992 --- [main] o.s.b.w.embedded.tomcat.TomcatWebServer  : Tomcat started on port(s): 8085 (http) with context path ''
2025-07-14 16:17:12.520  INFO 16992 --- [main] s.a.ScheduledAnnotationBeanPostProcessor : No TaskScheduler/ScheduledExecutorService bean found for scheduled processing
2025-07-14 16:17:12.527  INFO 16992 --- [main] c.w.accurate.TravelProjectApplication    : Started TravelProjectApplication in 9.935 seconds (JVM running for 11.856)
2025-07-14 16:17:27.436  INFO 16992 --- [http-nio-8085-exec-1] o.a.c.c.C.[Tomcat].[localhost].[/]       : Initializing Spring DispatcherServlet 'dispatcherServlet'
2025-07-14 16:17:27.436  INFO 16992 --- [http-nio-8085-exec-1] o.s.web.servlet.DispatcherServlet        : Initializing Servlet 'dispatcherServlet'
2025-07-14 16:17:27.438  INFO 16992 --- [http-nio-8085-exec-1] o.s.web.servlet.DispatcherServlet        : Completed initialization in 1 ms
2025-07-14 16:17:27.943  INFO 16992 --- [http-nio-8085-exec-9] o.springdoc.api.AbstractOpenApiResource  : Init duration for springdoc-openapi is: 118 ms
2025-07-14 16:17:45.988  WARN 16992 --- [http-nio-8085-exec-8] o.s.web.servlet.PageNotFound             : No mapping for GET /favicon.ico
2025-07-14 16:21:42.455  INFO 12260 --- [main] c.w.accurate.TravelProjectApplication    : Starting TravelProjectApplication using Java 1.8.0_131 on DELL with PID 12260 (C:\Users\DE\Desktop\travel_project\target\classes started by DE in C:\Users\DE\Desktop\travel_project)
2025-07-14 16:21:42.458  INFO 12260 --- [main] c.w.accurate.TravelProjectApplication    : No active profile set, falling back to 1 default profile: "default"
2025-07-14 16:21:43.394  INFO 12260 --- [main] .s.d.r.c.RepositoryConfigurationDelegate : Multiple Spring Data modules found, entering strict repository configuration mode
2025-07-14 16:21:43.396  INFO 12260 --- [main] .s.d.r.c.RepositoryConfigurationDelegate : Bootstrapping Spring Data Redis repositories in DEFAULT mode.
2025-07-14 16:21:43.426  INFO 12260 --- [main] .s.d.r.c.RepositoryConfigurationDelegate : Finished Spring Data repository scanning in 15 ms. Found 0 Redis repository interfaces.
2025-07-14 16:21:43.542  WARN 12260 --- [main] o.m.s.mapper.ClassPathMapperScanner      : No MyBatis mapper was found in '[com.example.travel_project.mapper]' package. Please check your configuration.
2025-07-14 16:21:43.993  INFO 12260 --- [main] o.s.b.w.embedded.tomcat.TomcatWebServer  : Tomcat initialized with port(s): 8085 (http)
2025-07-14 16:21:44.000  INFO 12260 --- [main] o.apache.catalina.core.StandardService   : Starting service [Tomcat]
2025-07-14 16:21:44.000  INFO 12260 --- [main] org.apache.catalina.core.StandardEngine  : Starting Servlet engine: [Apache Tomcat/9.0.68]
2025-07-14 16:21:44.220  INFO 12260 --- [main] o.a.c.c.C.[Tomcat].[localhost].[/]       : Initializing Spring embedded WebApplicationContext
2025-07-14 16:21:44.220  INFO 12260 --- [main] w.s.c.ServletWebServerApplicationContext : Root WebApplicationContext: initialization completed in 1706 ms
2025-07-14 16:21:49.239  INFO 12260 --- [main] com.zaxxer.hikari.HikariDataSource       : HikariPool-1 - Starting...
2025-07-14 16:21:49.241  WARN 12260 --- [main] com.zaxxer.hikari.util.DriverDataSource  : Registered driver with driverClassName=com.mysql.jdbc.Driver was not found, trying direct instantiation.
2025-07-14 16:21:49.811  INFO 12260 --- [main] com.zaxxer.hikari.HikariDataSource       : HikariPool-1 - Start completed.
2025-07-14 16:21:49.879  INFO 12260 --- [main] o.f.c.internal.license.VersionPrinter    : Flyway Community Edition 8.0.5 by Redgate
2025-07-14 16:21:49.879  INFO 12260 --- [main] o.f.c.i.database.base.BaseDatabaseType   : Database: jdbc:mysql://10.12.251.118:3306/travel (MySQL 8.0)
2025-07-14 16:21:50.638  INFO 12260 --- [main] o.f.core.internal.command.DbValidate     : Successfully validated 11 migrations (execution time 00:00.290s)
2025-07-14 16:21:51.030  INFO 12260 --- [main] o.f.core.internal.command.DbMigrate      : Current version of schema `travel`: 10.10
2025-07-14 16:21:51.067  INFO 12260 --- [main] o.f.core.internal.command.DbMigrate      : Schema `travel` is up to date. No migration necessary.
2025-07-14 16:21:51.421  INFO 12260 --- [main] o.s.b.w.embedded.tomcat.TomcatWebServer  : Tomcat started on port(s): 8085 (http) with context path ''
2025-07-14 16:21:52.031  INFO 12260 --- [main] s.a.ScheduledAnnotationBeanPostProcessor : No TaskScheduler/ScheduledExecutorService bean found for scheduled processing
2025-07-14 16:21:52.038  INFO 12260 --- [main] c.w.accurate.TravelProjectApplication    : Started TravelProjectApplication in 10.041 seconds (JVM running for 11.517)
2025-07-14 16:22:25.125  INFO 12260 --- [http-nio-8085-exec-1] o.a.c.c.C.[Tomcat].[localhost].[/]       : Initializing Spring DispatcherServlet 'dispatcherServlet'
2025-07-14 16:22:25.125  INFO 12260 --- [http-nio-8085-exec-1] o.s.web.servlet.DispatcherServlet        : Initializing Servlet 'dispatcherServlet'
2025-07-14 16:22:25.126  INFO 12260 --- [http-nio-8085-exec-1] o.s.web.servlet.DispatcherServlet        : Completed initialization in 0 ms
2025-07-14 16:42:51.822  WARN 12260 --- [HikariPool-1 housekeeper] com.zaxxer.hikari.pool.HikariPool        : HikariPool-1 - Thread starvation or clock leap detected (housekeeper delta=8m30s321ms182µs800ns).
2025-07-14 16:42:55.214 ERROR 12260 --- [pool-2-thread-1] o.s.s.s.TaskUtils$LoggingErrorHandler    : Unexpected error occurred in scheduled task

org.springframework.dao.QueryTimeoutException: Redis command timed out; nested exception is io.lettuce.core.RedisCommandTimeoutException: Command timed out after 2 second(s)
	at org.springframework.data.redis.connection.lettuce.LettuceExceptionConverter.convert(LettuceExceptionConverter.java:70) ~[spring-data-redis-2.6.9.jar:2.6.9]
	at org.springframework.data.redis.connection.lettuce.LettuceExceptionConverter.convert(LettuceExceptionConverter.java:41) ~[spring-data-redis-2.6.9.jar:2.6.9]
	at org.springframework.data.redis.PassThroughExceptionTranslationStrategy.translate(PassThroughExceptionTranslationStrategy.java:44) ~[spring-data-redis-2.6.9.jar:2.6.9]
	at org.springframework.data.redis.FallbackExceptionTranslationStrategy.translate(FallbackExceptionTranslationStrategy.java:42) ~[spring-data-redis-2.6.9.jar:2.6.9]
	at org.springframework.data.redis.connection.lettuce.LettuceConnection.convertLettuceAccessException(LettuceConnection.java:272) ~[spring-data-redis-2.6.9.jar:2.6.9]
	at org.springframework.data.redis.connection.lettuce.LettuceConnection.await(LettuceConnection.java:1063) ~[spring-data-redis-2.6.9.jar:2.6.9]
	at org.springframework.data.redis.connection.lettuce.LettuceConnection.lambda$doInvoke$4(LettuceConnection.java:920) ~[spring-data-redis-2.6.9.jar:2.6.9]
	at org.springframework.data.redis.connection.lettuce.LettuceInvoker$Synchronizer.invoke(LettuceInvoker.java:665) ~[spring-data-redis-2.6.9.jar:2.6.9]
	at org.springframework.data.redis.connection.lettuce.LettuceInvoker.just(LettuceInvoker.java:94) ~[spring-data-redis-2.6.9.jar:2.6.9]
	at org.springframework.data.redis.connection.lettuce.LettuceSetCommands.sMembers(LettuceSetCommands.java:163) ~[spring-data-redis-2.6.9.jar:2.6.9]
	at org.springframework.data.redis.connection.DefaultedRedisConnection.sMembers(DefaultedRedisConnection.java:865) ~[spring-data-redis-2.6.9.jar:2.6.9]
	at org.springframework.data.redis.core.DefaultSetOperations.lambda$members$11(DefaultSetOperations.java:244) ~[spring-data-redis-2.6.9.jar:2.6.9]
	at org.springframework.data.redis.core.RedisTemplate.execute(RedisTemplate.java:223) ~[spring-data-redis-2.6.9.jar:2.6.9]
	at org.springframework.data.redis.core.RedisTemplate.execute(RedisTemplate.java:190) ~[spring-data-redis-2.6.9.jar:2.6.9]
	at org.springframework.data.redis.core.AbstractOperations.execute(AbstractOperations.java:97) ~[spring-data-redis-2.6.9.jar:2.6.9]
	at org.springframework.data.redis.core.DefaultSetOperations.members(DefaultSetOperations.java:244) ~[spring-data-redis-2.6.9.jar:2.6.9]
	at org.springframework.data.redis.core.DefaultBoundSetOperations.members(DefaultBoundSetOperations.java:162) ~[spring-data-redis-2.6.9.jar:2.6.9]
	at org.springframework.session.data.redis.RedisSessionExpirationPolicy.cleanExpiredSessions(RedisSessionExpirationPolicy.java:132) ~[spring-session-data-redis-2.6.3.jar:2.6.3]
	at org.springframework.session.data.redis.RedisIndexedSessionRepository.cleanupExpiredSessions(RedisIndexedSessionRepository.java:424) ~[spring-session-data-redis-2.6.3.jar:2.6.3]
	at org.springframework.scheduling.support.DelegatingErrorHandlingRunnable.run(DelegatingErrorHandlingRunnable.java:54) ~[spring-context-5.3.23.jar:5.3.23]
	at org.springframework.scheduling.concurrent.ReschedulingRunnable.run(ReschedulingRunnable.java:95) [spring-context-5.3.23.jar:5.3.23]
	at java.util.concurrent.Executors$RunnableAdapter.call(Executors.java:511) [na:1.8.0_131]
	at java.util.concurrent.FutureTask.run$$$capture(FutureTask.java:266) [na:1.8.0_131]
	at java.util.concurrent.FutureTask.run(FutureTask.java) [na:1.8.0_131]
	at java.util.concurrent.ScheduledThreadPoolExecutor$ScheduledFutureTask.access$201(ScheduledThreadPoolExecutor.java:180) [na:1.8.0_131]
	at java.util.concurrent.ScheduledThreadPoolExecutor$ScheduledFutureTask.run(ScheduledThreadPoolExecutor.java:293) [na:1.8.0_131]
	at java.util.concurrent.ThreadPoolExecutor.runWorker(ThreadPoolExecutor.java:1142) [na:1.8.0_131]
	at java.util.concurrent.ThreadPoolExecutor$Worker.run(ThreadPoolExecutor.java:617) [na:1.8.0_131]
	at java.lang.Thread.run(Thread.java:748) [na:1.8.0_131]
Caused by: io.lettuce.core.RedisCommandTimeoutException: Command timed out after 2 second(s)
	at io.lettuce.core.internal.ExceptionFactory.createTimeoutException(ExceptionFactory.java:59) ~[lettuce-core-6.1.10.RELEASE.jar:6.1.10.RELEASE]
	at io.lettuce.core.internal.Futures.awaitOrCancel(Futures.java:246) ~[lettuce-core-6.1.10.RELEASE.jar:6.1.10.RELEASE]
	at io.lettuce.core.LettuceFutures.awaitOrCancel(LettuceFutures.java:74) ~[lettuce-core-6.1.10.RELEASE.jar:6.1.10.RELEASE]
	at org.springframework.data.redis.connection.lettuce.LettuceConnection.await(LettuceConnection.java:1061) ~[spring-data-redis-2.6.9.jar:2.6.9]
	... 23 common frames omitted

2025-07-14 16:43:01.852  INFO 12260 --- [SpringApplicationShutdownHook] com.zaxxer.hikari.HikariDataSource       : HikariPool-1 - Shutdown initiated...
2025-07-14 16:43:01.861  INFO 12260 --- [SpringApplicationShutdownHook] com.zaxxer.hikari.HikariDataSource       : HikariPool-1 - Shutdown completed.
2025-07-14 16:53:48.483  INFO 7108 --- [main] c.w.accurate.TravelProjectApplication    : Starting TravelProjectApplication using Java 1.8.0_131 on DELL with PID 7108 (C:\Users\DE\Desktop\travel_project\target\classes started by DE in C:\Users\DE\Desktop\travel_project)
2025-07-14 16:53:48.486  INFO 7108 --- [main] c.w.accurate.TravelProjectApplication    : No active profile set, falling back to 1 default profile: "default"
2025-07-14 16:53:49.141  INFO 7108 --- [main] .s.d.r.c.RepositoryConfigurationDelegate : Multiple Spring Data modules found, entering strict repository configuration mode
2025-07-14 16:53:49.143  INFO 7108 --- [main] .s.d.r.c.RepositoryConfigurationDelegate : Bootstrapping Spring Data Redis repositories in DEFAULT mode.
2025-07-14 16:53:49.166  INFO 7108 --- [main] .s.d.r.c.RepositoryConfigurationDelegate : Finished Spring Data repository scanning in 13 ms. Found 0 Redis repository interfaces.
2025-07-14 16:53:49.245  WARN 7108 --- [main] o.m.s.mapper.ClassPathMapperScanner      : No MyBatis mapper was found in '[com.example.travel_project.mapper]' package. Please check your configuration.
2025-07-14 16:53:49.574  INFO 7108 --- [main] o.s.b.w.embedded.tomcat.TomcatWebServer  : Tomcat initialized with port(s): 8085 (http)
2025-07-14 16:53:49.581  INFO 7108 --- [main] o.apache.catalina.core.StandardService   : Starting service [Tomcat]
2025-07-14 16:53:49.582  INFO 7108 --- [main] org.apache.catalina.core.StandardEngine  : Starting Servlet engine: [Apache Tomcat/9.0.68]
2025-07-14 16:53:49.732  INFO 7108 --- [main] o.a.c.c.C.[Tomcat].[localhost].[/]       : Initializing Spring embedded WebApplicationContext
2025-07-14 16:53:49.732  INFO 7108 --- [main] w.s.c.ServletWebServerApplicationContext : Root WebApplicationContext: initialization completed in 1205 ms
2025-07-14 16:53:54.780  INFO 7108 --- [main] com.zaxxer.hikari.HikariDataSource       : HikariPool-1 - Starting...
2025-07-14 16:53:54.782  WARN 7108 --- [main] com.zaxxer.hikari.util.DriverDataSource  : Registered driver with driverClassName=com.mysql.jdbc.Driver was not found, trying direct instantiation.
2025-07-14 16:53:55.356  INFO 7108 --- [main] com.zaxxer.hikari.HikariDataSource       : HikariPool-1 - Start completed.
2025-07-14 16:53:55.419  INFO 7108 --- [main] o.f.c.internal.license.VersionPrinter    : Flyway Community Edition 8.0.5 by Redgate
2025-07-14 16:53:55.419  INFO 7108 --- [main] o.f.c.i.database.base.BaseDatabaseType   : Database: jdbc:mysql://10.12.251.118:3306/travel (MySQL 8.0)
2025-07-14 16:53:56.338  INFO 7108 --- [main] o.f.core.internal.command.DbValidate     : Successfully validated 11 migrations (execution time 00:00.327s)
2025-07-14 16:53:56.734  INFO 7108 --- [main] o.f.core.internal.command.DbMigrate      : Current version of schema `travel`: 10.10
2025-07-14 16:53:56.772  INFO 7108 --- [main] o.f.core.internal.command.DbMigrate      : Schema `travel` is up to date. No migration necessary.
2025-07-14 16:53:57.116  INFO 7108 --- [main] o.s.b.w.embedded.tomcat.TomcatWebServer  : Tomcat started on port(s): 8085 (http) with context path ''
2025-07-14 16:53:57.730  INFO 7108 --- [main] s.a.ScheduledAnnotationBeanPostProcessor : No TaskScheduler/ScheduledExecutorService bean found for scheduled processing
2025-07-14 16:53:57.737  INFO 7108 --- [main] c.w.accurate.TravelProjectApplication    : Started TravelProjectApplication in 9.593 seconds (JVM running for 11.142)
2025-07-14 16:55:07.231  INFO 7108 --- [http-nio-8085-exec-1] o.a.c.c.C.[Tomcat].[localhost].[/]       : Initializing Spring DispatcherServlet 'dispatcherServlet'
2025-07-14 16:55:07.231  INFO 7108 --- [http-nio-8085-exec-1] o.s.web.servlet.DispatcherServlet        : Initializing Servlet 'dispatcherServlet'
2025-07-14 16:55:07.233  INFO 7108 --- [http-nio-8085-exec-1] o.s.web.servlet.DispatcherServlet        : Completed initialization in 1 ms
2025-07-14 16:55:33.773  INFO 7108 --- [SpringApplicationShutdownHook] com.zaxxer.hikari.HikariDataSource       : HikariPool-1 - Shutdown initiated...
2025-07-14 16:55:33.782  INFO 7108 --- [SpringApplicationShutdownHook] com.zaxxer.hikari.HikariDataSource       : HikariPool-1 - Shutdown completed.
2025-07-14 16:55:51.836  INFO 13804 --- [main] c.w.accurate.TravelProjectApplication    : Starting TravelProjectApplication using Java 1.8.0_131 on DELL with PID 13804 (C:\Users\DE\Desktop\travel_project\target\classes started by DE in C:\Users\DE\Desktop\travel_project)
2025-07-14 16:55:51.839  INFO 13804 --- [main] c.w.accurate.TravelProjectApplication    : No active profile set, falling back to 1 default profile: "default"
2025-07-14 16:55:52.655  INFO 13804 --- [main] .s.d.r.c.RepositoryConfigurationDelegate : Multiple Spring Data modules found, entering strict repository configuration mode
2025-07-14 16:55:52.657  INFO 13804 --- [main] .s.d.r.c.RepositoryConfigurationDelegate : Bootstrapping Spring Data Redis repositories in DEFAULT mode.
2025-07-14 16:55:52.684  INFO 13804 --- [main] .s.d.r.c.RepositoryConfigurationDelegate : Finished Spring Data repository scanning in 14 ms. Found 0 Redis repository interfaces.
2025-07-14 16:55:52.797  WARN 13804 --- [main] o.m.s.mapper.ClassPathMapperScanner      : No MyBatis mapper was found in '[com.example.travel_project.mapper]' package. Please check your configuration.
2025-07-14 16:55:53.202  INFO 13804 --- [main] o.s.b.w.embedded.tomcat.TomcatWebServer  : Tomcat initialized with port(s): 8085 (http)
2025-07-14 16:55:53.292  INFO 13804 --- [main] o.apache.catalina.core.StandardService   : Starting service [Tomcat]
2025-07-14 16:55:53.293  INFO 13804 --- [main] org.apache.catalina.core.StandardEngine  : Starting Servlet engine: [Apache Tomcat/9.0.68]
2025-07-14 16:55:53.422  INFO 13804 --- [main] o.a.c.c.C.[Tomcat].[localhost].[/]       : Initializing Spring embedded WebApplicationContext
2025-07-14 16:55:53.423  INFO 13804 --- [main] w.s.c.ServletWebServerApplicationContext : Root WebApplicationContext: initialization completed in 1534 ms
2025-07-14 16:55:58.673  INFO 13804 --- [main] com.zaxxer.hikari.HikariDataSource       : HikariPool-1 - Starting...
2025-07-14 16:55:58.675  WARN 13804 --- [main] com.zaxxer.hikari.util.DriverDataSource  : Registered driver with driverClassName=com.mysql.jdbc.Driver was not found, trying direct instantiation.
2025-07-14 16:55:59.252  INFO 13804 --- [main] com.zaxxer.hikari.HikariDataSource       : HikariPool-1 - Start completed.
2025-07-14 16:55:59.315  INFO 13804 --- [main] o.f.c.internal.license.VersionPrinter    : Flyway Community Edition 8.0.5 by Redgate
2025-07-14 16:55:59.316  INFO 13804 --- [main] o.f.c.i.database.base.BaseDatabaseType   : Database: jdbc:mysql://10.12.251.118:3306/travel (MySQL 8.0)
2025-07-14 16:56:00.216  INFO 13804 --- [main] o.f.core.internal.command.DbValidate     : Successfully validated 11 migrations (execution time 00:00.293s)
2025-07-14 16:56:00.618  INFO 13804 --- [main] o.f.core.internal.command.DbMigrate      : Current version of schema `travel`: 10.10
2025-07-14 16:56:00.659  INFO 13804 --- [main] o.f.core.internal.command.DbMigrate      : Schema `travel` is up to date. No migration necessary.
2025-07-14 16:56:00.984  INFO 13804 --- [main] o.s.b.w.embedded.tomcat.TomcatWebServer  : Tomcat started on port(s): 8085 (http) with context path ''
2025-07-14 16:56:01.597  INFO 13804 --- [main] s.a.ScheduledAnnotationBeanPostProcessor : No TaskScheduler/ScheduledExecutorService bean found for scheduled processing
2025-07-14 16:56:01.605  INFO 13804 --- [main] c.w.accurate.TravelProjectApplication    : Started TravelProjectApplication in 10.231 seconds (JVM running for 12.02)
2025-07-14 16:57:03.998  INFO 13804 --- [http-nio-8085-exec-1] o.a.c.c.C.[Tomcat].[localhost].[/]       : Initializing Spring DispatcherServlet 'dispatcherServlet'
2025-07-14 16:57:03.998  INFO 13804 --- [http-nio-8085-exec-1] o.s.web.servlet.DispatcherServlet        : Initializing Servlet 'dispatcherServlet'
2025-07-14 16:57:03.999  INFO 13804 --- [http-nio-8085-exec-1] o.s.web.servlet.DispatcherServlet        : Completed initialization in 1 ms
